--------------------
./configure --prefix=/opt/rt-n56u/trunk/stage --shared
Thu Aug  9 02:58:31 CST 2018
=== ztest18060.c ===
extern int getchar();
int hello() {return getchar();}
===
/opt/rt-n56u/toolchain-mipsel/toolchain-3.4.x/bin/mipsel-linux-uclibc-gcc -mips32r2 -march=mips32r2 -c ztest18060.c
... using gcc

Checking for obsessive-compulsive compiler options...
=== ztest18060.c ===
int foo() { return 0; }
===
/opt/rt-n56u/toolchain-mipsel/toolchain-3.4.x/bin/mipsel-linux-uclibc-gcc -mips32r2 -march=mips32r2 -c -Os -fomit-frame-pointer -pipe -DEMBED -I/opt/rt-n56u/trunk/stage/include -Dlinux -D__linux__ -Dunix -Wall -Wno-trigraphs -Wno-strict-aliasing -Wno-format-security -Wno-pointer-sign -ffunction-sections -fdata-sections ztest18060.c

Checking for shared library support...
=== ztest18060.c ===
extern int getchar();
int hello() {return getchar();}
===
/opt/rt-n56u/toolchain-mipsel/toolchain-3.4.x/bin/mipsel-linux-uclibc-gcc -mips32r2 -march=mips32r2 -w -c -Os -fomit-frame-pointer -pipe -DEMBED -I/opt/rt-n56u/trunk/stage/include -Dlinux -D__linux__ -Dunix -Wall -Wno-trigraphs -Wno-strict-aliasing -Wno-format-security -Wno-pointer-sign -ffunction-sections -fdata-sections -fPIC ztest18060.c
/opt/rt-n56u/toolchain-mipsel/toolchain-3.4.x/bin/mipsel-linux-uclibc-gcc -mips32r2 -march=mips32r2 -shared -Wl,-soname,libz.so.1,--version-script,zlib.map -Os -fomit-frame-pointer -pipe -DEMBED -I/opt/rt-n56u/trunk/stage/include -Dlinux -D__linux__ -Dunix -Wall -Wno-trigraphs -Wno-strict-aliasing -Wno-format-security -Wno-pointer-sign -ffunction-sections -fdata-sections -fPIC -o ztest18060.so ztest18060.o
Building shared library libz.so.1.2.8 with /opt/rt-n56u/toolchain-mipsel/toolchain-3.4.x/bin/mipsel-linux-uclibc-gcc -mips32r2 -march=mips32r2.

=== ztest18060.c ===
#include <sys/types.h>
off64_t dummy = 0;
===
/opt/rt-n56u/toolchain-mipsel/toolchain-3.4.x/bin/mipsel-linux-uclibc-gcc -mips32r2 -march=mips32r2 -c -Os -fomit-frame-pointer -pipe -DEMBED -I/opt/rt-n56u/trunk/stage/include -Dlinux -D__linux__ -Dunix -Wall -Wno-trigraphs -Wno-strict-aliasing -Wno-format-security -Wno-pointer-sign -ffunction-sections -fdata-sections -D_LARGEFILE64_SOURCE=1 ztest18060.c
Checking for off64_t... Yes.
Checking for fseeko... Yes.

=== ztest18060.c ===
#include <string.h>
#include <errno.h>
int main() { return strlen(strerror(errno)); }
===
/opt/rt-n56u/toolchain-mipsel/toolchain-3.4.x/bin/mipsel-linux-uclibc-gcc -mips32r2 -march=mips32r2 -Os -fomit-frame-pointer -pipe -DEMBED -I/opt/rt-n56u/trunk/stage/include -Dlinux -D__linux__ -Dunix -Wall -Wno-trigraphs -Wno-strict-aliasing -Wno-format-security -Wno-pointer-sign -ffunction-sections -fdata-sections -D_LARGEFILE64_SOURCE=1 -o ztest18060 ztest18060.c
Checking for strerror... Yes.

=== ztest18060.c ===
#include <unistd.h>
int main() { return 0; }
===
/opt/rt-n56u/toolchain-mipsel/toolchain-3.4.x/bin/mipsel-linux-uclibc-gcc -mips32r2 -march=mips32r2 -c -Os -fomit-frame-pointer -pipe -DEMBED -I/opt/rt-n56u/trunk/stage/include -Dlinux -D__linux__ -Dunix -Wall -Wno-trigraphs -Wno-strict-aliasing -Wno-format-security -Wno-pointer-sign -ffunction-sections -fdata-sections -D_LARGEFILE64_SOURCE=1 ztest18060.c
Checking for unistd.h... Yes.

=== ztest18060.c ===
#include <stdarg.h>
int main() { return 0; }
===
/opt/rt-n56u/toolchain-mipsel/toolchain-3.4.x/bin/mipsel-linux-uclibc-gcc -mips32r2 -march=mips32r2 -c -Os -fomit-frame-pointer -pipe -DEMBED -I/opt/rt-n56u/trunk/stage/include -Dlinux -D__linux__ -Dunix -Wall -Wno-trigraphs -Wno-strict-aliasing -Wno-format-security -Wno-pointer-sign -ffunction-sections -fdata-sections -D_LARGEFILE64_SOURCE=1 ztest18060.c
Checking for stdarg.h... Yes.

=== ztest18060.c ===
#include <stdio.h>
#include <stdarg.h>
#include "zconf.h"
int main()
{
#ifndef STDC
  choke me
#endif
  return 0;
}
===
/opt/rt-n56u/toolchain-mipsel/toolchain-3.4.x/bin/mipsel-linux-uclibc-gcc -mips32r2 -march=mips32r2 -c -Os -fomit-frame-pointer -pipe -DEMBED -I/opt/rt-n56u/trunk/stage/include -Dlinux -D__linux__ -Dunix -Wall -Wno-trigraphs -Wno-strict-aliasing -Wno-format-security -Wno-pointer-sign -ffunction-sections -fdata-sections -D_LARGEFILE64_SOURCE=1 ztest18060.c
Checking whether to use vs[n]printf() or s[n]printf()... using vs[n]printf().

=== ztest18060.c ===
#include <stdio.h>
#include <stdarg.h>
int mytest(const char *fmt, ...)
{
  char buf[20];
  va_list ap;
  va_start(ap, fmt);
  vsnprintf(buf, sizeof(buf), fmt, ap);
  va_end(ap);
  return 0;
}
int main()
{
  return (mytest("Hello%d\n", 1));
}
===
/opt/rt-n56u/toolchain-mipsel/toolchain-3.4.x/bin/mipsel-linux-uclibc-gcc -mips32r2 -march=mips32r2 -Os -fomit-frame-pointer -pipe -DEMBED -I/opt/rt-n56u/trunk/stage/include -Dlinux -D__linux__ -Dunix -Wall -Wno-trigraphs -Wno-strict-aliasing -Wno-format-security -Wno-pointer-sign -ffunction-sections -fdata-sections -D_LARGEFILE64_SOURCE=1 -o ztest18060 ztest18060.c
Checking for vsnprintf() in stdio.h... Yes.

=== ztest18060.c ===
#include <stdio.h>
#include <stdarg.h>
int mytest(const char *fmt, ...)
{
  int n;
  char buf[20];
  va_list ap;
  va_start(ap, fmt);
  n = vsnprintf(buf, sizeof(buf), fmt, ap);
  va_end(ap);
  return n;
}
int main()
{
  return (mytest("Hello%d\n", 1));
}
===
/opt/rt-n56u/toolchain-mipsel/toolchain-3.4.x/bin/mipsel-linux-uclibc-gcc -mips32r2 -march=mips32r2 -c -Os -fomit-frame-pointer -pipe -DEMBED -I/opt/rt-n56u/trunk/stage/include -Dlinux -D__linux__ -Dunix -Wall -Wno-trigraphs -Wno-strict-aliasing -Wno-format-security -Wno-pointer-sign -ffunction-sections -fdata-sections -D_LARGEFILE64_SOURCE=1 ztest18060.c
Checking for return value of vsnprintf()... Yes.

=== ztest18060.c ===
#define ZLIB_INTERNAL __attribute__((visibility ("hidden")))
int ZLIB_INTERNAL foo;
int main()
{
  return 0;
}
===
/opt/rt-n56u/toolchain-mipsel/toolchain-3.4.x/bin/mipsel-linux-uclibc-gcc -mips32r2 -march=mips32r2 -c -Os -fomit-frame-pointer -pipe -DEMBED -I/opt/rt-n56u/trunk/stage/include -Dlinux -D__linux__ -Dunix -Wall -Wno-trigraphs -Wno-strict-aliasing -Wno-format-security -Wno-pointer-sign -ffunction-sections -fdata-sections -D_LARGEFILE64_SOURCE=1 ztest18060.c
Checking for attribute(visibility) support... Yes.

ALL = static shared all64
AR = /opt/rt-n56u/toolchain-mipsel/toolchain-3.4.x/bin/mipsel-linux-uclibc-ar
ARFLAGS = rc
CC = /opt/rt-n56u/toolchain-mipsel/toolchain-3.4.x/bin/mipsel-linux-uclibc-gcc -mips32r2 -march=mips32r2
CFLAGS = -Os -fomit-frame-pointer -pipe -DEMBED -I/opt/rt-n56u/trunk/stage/include -Dlinux -D__linux__ -Dunix -Wall -Wno-trigraphs -Wno-strict-aliasing -Wno-format-security -Wno-pointer-sign -ffunction-sections -fdata-sections -D_LARGEFILE64_SOURCE=1 -DHAVE_HIDDEN
CPP = /opt/rt-n56u/toolchain-mipsel/toolchain-3.4.x/bin/mipsel-linux-uclibc-gcc -mips32r2 -march=mips32r2 -E
EXE =
LDCONFIG = ldconfig
LDFLAGS = -L/opt/rt-n56u/trunk/stage/lib -Wl,--gc-sections
LDSHARED = /opt/rt-n56u/toolchain-mipsel/toolchain-3.4.x/bin/mipsel-linux-uclibc-gcc -mips32r2 -march=mips32r2 -shared -Wl,-soname,libz.so.1,--version-script,zlib.map
LDSHAREDLIBC = -lc
OBJC = $(OBJZ) $(OBJG)
PIC_OBJC = $(PIC_OBJZ) $(PIC_OBJG)
RANLIB = /opt/rt-n56u/toolchain-mipsel/toolchain-3.4.x/bin/mipsel-linux-uclibc-ranlib
SFLAGS = -Os -fomit-frame-pointer -pipe -DEMBED -I/opt/rt-n56u/trunk/stage/include -Dlinux -D__linux__ -Dunix -Wall -Wno-trigraphs -Wno-strict-aliasing -Wno-format-security -Wno-pointer-sign -ffunction-sections -fdata-sections -fPIC -D_LARGEFILE64_SOURCE=1 -DHAVE_HIDDEN
SHAREDLIB = libz.so
SHAREDLIBM = libz.so.1
SHAREDLIBV = libz.so.1.2.8
STATICLIB = libz.a
TEST = all teststatic testshared test64
VER = 1.2.8
Z_U4 =
exec_prefix = ${prefix}
includedir = ${prefix}/include
libdir = ${exec_prefix}/lib
mandir = ${prefix}/share/man
prefix = /opt/rt-n56u/trunk/stage
sharedlibdir = ${libdir}
uname = Linux
--------------------


